<?xml version="1.0" encoding="UTF-8"?>
<!-- Generated by org.testng.reporters.JUnitXMLReporter -->
<testsuite hostname="Qedge-PC" name="launch chrome" tests="1" failures="1" timestamp="8 Oct 2015 11:56:56 GMT" time="0.007" errors="0">
  <testcase name="set" time="0.002" classname="day1.Test1">
    <failure type="java.lang.NullPointerException">
      <![CDATA[java.lang.NullPointerException
	at day1.Test1.set(Test1.java:39)
... Removed 24 stack frames]]>
    </failure>
  </testcase> <!-- set -->
</testsuite> <!-- launch chrome -->
